<?xml version="1.0" encoding="UTF-8"?>
<!-- Generated by org.testng.reporters.JUnitReportReporter -->
<testsuite hostname="Maksuda" failures="0" tests="5" name="TestRunners.TestRunner" time="29.149" errors="0" timestamp="2024-10-18T00:01:49 EDT" skipped="0">
  <testcase classname="TestRunners.TestRunner" name="Registration" time="5.697">
    <system-out>
      <![CDATA[Registration done successfully]]>
    </system-out>
  </testcase> <!-- Registration -->
  <testcase classname="TestRunners.TestRunner" name="Login" time="3.829">
    <system-out>
      <![CDATA[Login successful for: user2]]>
    </system-out>
  </testcase> <!-- Login -->
  <testcase classname="TestRunners.TestRunner" name="Login" time="4.727">
    <system-out>
      <![CDATA[Login successful for: user1]]>
    </system-out>
  </testcase> <!-- Login -->
  <testcase classname="TestRunners.TestRunner" name="Login" time="6.668">
    <system-out>
      <![CDATA[Login successful for: user3]]>
    </system-out>
  </testcase> <!-- Login -->
  <testcase classname="TestRunners.TestRunner" name="Flights" time="8.228">
    <system-out>
      <![CDATA[No seats available]]>
    </system-out>
  </testcase> <!-- Flights -->
  <system-out>
    <![CDATA[Registration done successfully
Login successful for: user1
Login successful for: user2
Login successful for: user3
No seats available]]>
  </system-out>
</testsuite> <!-- TestRunners.TestRunner -->
